<?xml version="1.0" encoding="UTF-8"?>
<!-- Generated by org.testng.reporters.JUnitReportReporter -->
<testsuite hostname="DESKTOP-4RD1FAI" failures="0" tests="3" name="com.DemoTestNG.com.SampleProgram" time="0.015" errors="0" timestamp="2023-01-05T19:41:47 IST" skipped="0">
  <testcase classname="com.DemoTestNG.com.SampleProgram" name="c_testcase" time="0.011"/>
  <system-out/>
  <testcase classname="com.DemoTestNG.com.SampleProgram" name="a_testcase" time="0.002"/>
  <system-out/>
  <testcase classname="com.DemoTestNG.com.SampleProgram" name="b_testcase" time="0.002"/>
  <system-out/>
</testsuite> <!-- com.DemoTestNG.com.SampleProgram -->
