<?xml version="1.0" encoding="UTF-8"?>
<!-- Generated by org.testng.reporters.JUnitReportReporter -->
<testsuite hostname="DESKTOP-4RD1FAI" failures="0" tests="2" name="com.DemoTestNG.com.FrameWorkExample" time="3.645" errors="0" timestamp="2023-01-05T20:08:59 IST" skipped="0">
  <testcase classname="com.DemoTestNG.com.FrameWorkExample" name="register" time="1.914"/>
  <system-out/>
  <testcase classname="com.DemoTestNG.com.FrameWorkExample" name="support" time="1.731"/>
  <system-out/>
</testsuite> <!-- com.DemoTestNG.com.FrameWorkExample -->
