<?xml version="1.0" encoding="UTF-8"?>
<!-- Generated by org.testng.reporters.JUnitReportReporter -->
<testsuite hostname="DESKTOP-4RD1FAI" failures="0" tests="1" name="com.DemoTestNG.com.FirstTestNGProgram" time="23.456" errors="0" timestamp="2023-01-03T21:34:27 IST" skipped="0">
  <testcase classname="com.DemoTestNG.com.FirstTestNGProgram" name="VerifyHomePageTitle" time="23.456"/>
  <system-out/>
</testsuite> <!-- com.DemoTestNG.com.FirstTestNGProgram -->
